生成启动时间为 2014/6/28 19:52:20。
     1>项目“E:\cocoTest\EXE\cocos2d\cocos\editor-support\spine\proj.win32\libSpine.vcxproj”在节点 2 上(Rebuild 个目标)。
     1>ClCompile:
         D:\Program Files (x86)\Microsoft Visual Studio 11.0\VC\bin\CL.exe /c /IE:\cocoTest\EXE\cocos2d\cocos\2d\..\..\ /IE:\cocoTest\EXE\cocos2d\cocos\2d\..\..\cocos\audio\include /I"E:\cocoTest\EXE\cocos2d\cocos\2d\..\..\cocos\editor-support" /IE:\cocoTest\EXE\cocos2d\cocos\2d\..\..\extensions /IE:\cocoTest\EXE\cocos2d\cocos\2d\..\..\cocos /IE:\cocoTest\EXE\cocos2d\cocos\2d\..\..\cocos\platform\win32 /IE:\cocoTest\EXE\cocos2d\cocos\2d\..\..\cocos\platform\desktop /IE:\cocoTest\EXE\cocos2d\cocos\2d\..\..\external\glfw3\include\win32 /I"E:\cocoTest\EXE\cocos2d\cocos\2d\..\..\external\win32-specific\gles\include\OGLES" /ZI /nologo /W3 /WX- /MP /Od /Oy- /D WIN32 /D _DEBUG /D _WINDOWS /D _LIB /D COCOS2DXWIN32_EXPORTS /D GL_GLEXT_PROTOTYPES /D COCOS2D_DEBUG=1 /D _CRT_SECURE_NO_WARNINGS /D _SCL_SECURE_NO_WARNINGS /D _VARIADIC_MAX=10 /D _UNICODE /D UNICODE /Gm- /EHsc /RTC1 /MDd /GS /fp:precise /Zc:wchar_t /Zc:forScope /Fo"Debug.win32\\" /Fd"Debug.win32\vc110.pdb" /Gd /TP /wd4267 /wd4251 /wd4244 /analyze- /errorReport:prompt ..\Animation.cpp ..\AnimationState.cpp ..\AnimationStateData.cpp ..\Atlas.cpp ..\AtlasAttachmentLoader.cpp ..\Attachment.cpp ..\AttachmentLoader.cpp ..\Bone.cpp ..\BoneData.cpp ..\BoundingBoxAttachment.cpp ..\extension.cpp ..\Event.cpp ..\EventData.cpp ..\Json.cpp ..\MeshAttachment.cpp ..\PolygonBatch.cpp ..\RegionAttachment.cpp ..\Skeleton.cpp ..\SkeletonAnimation.cpp ..\SkeletonBounds.cpp ..\SkeletonData.cpp ..\SkeletonJson.cpp ..\SkeletonRenderer.cpp ..\Skin.cpp ..\SkinnedMeshAttachment.cpp ..\Slot.cpp ..\SlotData.cpp "..\spine-cocos2dx.cpp"
         Animation.cpp
         AnimationState.cpp
         AnimationStateData.cpp
         Atlas.cpp
         AtlasAttachmentLoader.cpp
         Attachment.cpp
         AttachmentLoader.cpp
         Bone.cpp
         BoneData.cpp
         BoundingBoxAttachment.cpp
         extension.cpp
         Event.cpp
         EventData.cpp
         Json.cpp
         MeshAttachment.cpp
         PolygonBatch.cpp
         RegionAttachment.cpp
         Skeleton.cpp
         SkeletonAnimation.cpp
         SkeletonBounds.cpp
         SkeletonData.cpp
         SkeletonJson.cpp
         SkeletonRenderer.cpp
         Skin.cpp
         SkinnedMeshAttachment.cpp
         Slot.cpp
         SlotData.cpp
         spine-cocos2dx.cpp
       Lib:
         D:\Program Files (x86)\Microsoft Visual Studio 11.0\VC\bin\Lib.exe /OUT:"E:\cocoTest\EXE\proj.win32\Debug.win32\libSpine.lib" /NOLOGO Debug.win32\Animation.obj
         Debug.win32\AnimationState.obj
         Debug.win32\AnimationStateData.obj
         Debug.win32\Atlas.obj
         Debug.win32\AtlasAttachmentLoader.obj
         Debug.win32\Attachment.obj
         Debug.win32\AttachmentLoader.obj
         Debug.win32\Bone.obj
         Debug.win32\BoneData.obj
         Debug.win32\BoundingBoxAttachment.obj
         Debug.win32\extension.obj
         Debug.win32\Event.obj
         Debug.win32\EventData.obj
         Debug.win32\Json.obj
         Debug.win32\MeshAttachment.obj
         Debug.win32\PolygonBatch.obj
         Debug.win32\RegionAttachment.obj
         Debug.win32\Skeleton.obj
         Debug.win32\SkeletonAnimation.obj
         Debug.win32\SkeletonBounds.obj
         Debug.win32\SkeletonData.obj
         Debug.win32\SkeletonJson.obj
         Debug.win32\SkeletonRenderer.obj
         Debug.win32\Skin.obj
         Debug.win32\SkinnedMeshAttachment.obj
         Debug.win32\Slot.obj
         Debug.win32\SlotData.obj
         "Debug.win32\spine-cocos2dx.obj"
         libSpine.vcxproj -> E:\cocoTest\EXE\proj.win32\Debug.win32\libSpine.lib
     1>已完成生成项目“E:\cocoTest\EXE\cocos2d\cocos\editor-support\spine\proj.win32\libSpine.vcxproj”(Rebuild 个目标)的操作。

生成成功。

已用时间 00:00:13.39
