E:\COCOS\COCO\3.1COCOS\COCOS2D\COCOS\EDITOR-SUPPORT\SPINE\PROJ.WIN32\DEBUG.WIN32\ANIMATION.OBJ
E:\COCOS\COCO\3.1COCOS\COCOS2D\COCOS\EDITOR-SUPPORT\SPINE\PROJ.WIN32\DEBUG.WIN32\BONE.OBJ
E:\COCOS\COCO\3.1COCOS\COCOS2D\COCOS\EDITOR-SUPPORT\SPINE\PROJ.WIN32\DEBUG.WIN32\EVENT.OBJ
E:\COCOS\COCO\3.1COCOS\COCOS2D\COCOS\EDITOR-SUPPORT\SPINE\PROJ.WIN32\DEBUG.WIN32\SKELETONANIMATION.OBJ
E:\COCOS\COCO\3.1COCOS\COCOS2D\COCOS\EDITOR-SUPPORT\SPINE\PROJ.WIN32\DEBUG.WIN32\ANIMATIONSTATEDATA.OBJ
E:\COCOS\COCO\3.1COCOS\COCOS2D\COCOS\EDITOR-SUPPORT\SPINE\PROJ.WIN32\DEBUG.WIN32\ATLASATTACHMENTLOADER.OBJ
E:\COCOS\COCO\3.1COCOS\COCOS2D\COCOS\EDITOR-SUPPORT\SPINE\PROJ.WIN32\DEBUG.WIN32\BONEDATA.OBJ
E:\COCOS\COCO\3.1COCOS\COCOS2D\COCOS\EDITOR-SUPPORT\SPINE\PROJ.WIN32\DEBUG.WIN32\EVENTDATA.OBJ
E:\COCOS\COCO\3.1COCOS\COCOS2D\COCOS\EDITOR-SUPPORT\SPINE\PROJ.WIN32\DEBUG.WIN32\POLYGONBATCH.OBJ
E:\COCOS\COCO\3.1COCOS\COCOS2D\COCOS\EDITOR-SUPPORT\SPINE\PROJ.WIN32\DEBUG.WIN32\ANIMATIONSTATE.OBJ
E:\COCOS\COCO\3.1COCOS\COCOS2D\COCOS\EDITOR-SUPPORT\SPINE\PROJ.WIN32\DEBUG.WIN32\ATTACHMENT.OBJ
E:\COCOS\COCO\3.1COCOS\COCOS2D\COCOS\EDITOR-SUPPORT\SPINE\PROJ.WIN32\DEBUG.WIN32\BOUNDINGBOXATTACHMENT.OBJ
E:\COCOS\COCO\3.1COCOS\COCOS2D\COCOS\EDITOR-SUPPORT\SPINE\PROJ.WIN32\DEBUG.WIN32\JSON.OBJ
E:\COCOS\COCO\3.1COCOS\COCOS2D\COCOS\EDITOR-SUPPORT\SPINE\PROJ.WIN32\DEBUG.WIN32\REGIONATTACHMENT.OBJ
E:\COCOS\COCO\3.1COCOS\COCOS2D\COCOS\EDITOR-SUPPORT\SPINE\PROJ.WIN32\DEBUG.WIN32\SKELETONDATA.OBJ
E:\COCOS\COCO\3.1COCOS\COCOS2D\COCOS\EDITOR-SUPPORT\SPINE\PROJ.WIN32\DEBUG.WIN32\SKELETONRENDERER.OBJ
E:\COCOS\COCO\3.1COCOS\COCOS2D\COCOS\EDITOR-SUPPORT\SPINE\PROJ.WIN32\DEBUG.WIN32\ATLAS.OBJ
E:\COCOS\COCO\3.1COCOS\COCOS2D\COCOS\EDITOR-SUPPORT\SPINE\PROJ.WIN32\DEBUG.WIN32\ATTACHMENTLOADER.OBJ
E:\COCOS\COCO\3.1COCOS\COCOS2D\COCOS\EDITOR-SUPPORT\SPINE\PROJ.WIN32\DEBUG.WIN32\EXTENSION.OBJ
E:\COCOS\COCO\3.1COCOS\COCOS2D\COCOS\EDITOR-SUPPORT\SPINE\PROJ.WIN32\DEBUG.WIN32\MESHATTACHMENT.OBJ
E:\COCOS\COCO\3.1COCOS\COCOS2D\COCOS\EDITOR-SUPPORT\SPINE\PROJ.WIN32\DEBUG.WIN32\SKELETON.OBJ
E:\COCOS\COCO\3.1COCOS\COCOS2D\COCOS\EDITOR-SUPPORT\SPINE\PROJ.WIN32\DEBUG.WIN32\SKELETONBOUNDS.OBJ
E:\COCOS\COCO\3.1COCOS\COCOS2D\COCOS\EDITOR-SUPPORT\SPINE\PROJ.WIN32\DEBUG.WIN32\SKELETONJSON.OBJ
E:\COCOS\COCO\3.1COCOS\COCOS2D\COCOS\EDITOR-SUPPORT\SPINE\PROJ.WIN32\DEBUG.WIN32\SKIN.OBJ
E:\COCOS\COCO\3.1COCOS\COCOS2D\COCOS\EDITOR-SUPPORT\SPINE\PROJ.WIN32\DEBUG.WIN32\SKINNEDMESHATTACHMENT.OBJ
E:\COCOS\COCO\3.1COCOS\COCOS2D\COCOS\EDITOR-SUPPORT\SPINE\PROJ.WIN32\DEBUG.WIN32\SLOT.OBJ
E:\COCOS\COCO\3.1COCOS\COCOS2D\COCOS\EDITOR-SUPPORT\SPINE\PROJ.WIN32\DEBUG.WIN32\SLOTDATA.OBJ
E:\COCOS\COCO\3.1COCOS\COCOS2D\COCOS\EDITOR-SUPPORT\SPINE\PROJ.WIN32\DEBUG.WIN32\SPINE-COCOS2DX.OBJ
E:\COCOS\COCO\3.1COCOS\COCOS2D\COCOS\EDITOR-SUPPORT\SPINE\PROJ.WIN32\DEBUG.WIN32\VC110.PDB
E:\COCOS\COCO\3.1COCOS\PROJ.WIN32\DEBUG.WIN32\LIBSPINE.LIB
E:\cocoTest\EXE\cocos2d\cocos\editor-support\spine\proj.win32\Debug.win32\AnimationState.obj
E:\cocoTest\EXE\cocos2d\cocos\editor-support\spine\proj.win32\Debug.win32\AnimationStateData.obj
E:\cocoTest\EXE\cocos2d\cocos\editor-support\spine\proj.win32\Debug.win32\Atlas.obj
E:\cocoTest\EXE\cocos2d\cocos\editor-support\spine\proj.win32\Debug.win32\Animation.obj
E:\cocoTest\EXE\cocos2d\cocos\editor-support\spine\proj.win32\Debug.win32\AtlasAttachmentLoader.obj
E:\cocoTest\EXE\cocos2d\cocos\editor-support\spine\proj.win32\Debug.win32\Attachment.obj
E:\cocoTest\EXE\cocos2d\cocos\editor-support\spine\proj.win32\Debug.win32\AttachmentLoader.obj
E:\cocoTest\EXE\cocos2d\cocos\editor-support\spine\proj.win32\Debug.win32\Bone.obj
E:\cocoTest\EXE\cocos2d\cocos\editor-support\spine\proj.win32\Debug.win32\BoneData.obj
E:\cocoTest\EXE\cocos2d\cocos\editor-support\spine\proj.win32\Debug.win32\BoundingBoxAttachment.obj
E:\cocoTest\EXE\cocos2d\cocos\editor-support\spine\proj.win32\Debug.win32\extension.obj
E:\cocoTest\EXE\cocos2d\cocos\editor-support\spine\proj.win32\Debug.win32\EventData.obj
E:\cocoTest\EXE\cocos2d\cocos\editor-support\spine\proj.win32\Debug.win32\Json.obj
E:\cocoTest\EXE\cocos2d\cocos\editor-support\spine\proj.win32\Debug.win32\MeshAttachment.obj
E:\cocoTest\EXE\cocos2d\cocos\editor-support\spine\proj.win32\Debug.win32\Event.obj
E:\cocoTest\EXE\cocos2d\cocos\editor-support\spine\proj.win32\Debug.win32\Skeleton.obj
E:\cocoTest\EXE\cocos2d\cocos\editor-support\spine\proj.win32\Debug.win32\RegionAttachment.obj
E:\cocoTest\EXE\cocos2d\cocos\editor-support\spine\proj.win32\Debug.win32\SkeletonBounds.obj
E:\cocoTest\EXE\cocos2d\cocos\editor-support\spine\proj.win32\Debug.win32\SkeletonData.obj
E:\cocoTest\EXE\cocos2d\cocos\editor-support\spine\proj.win32\Debug.win32\SkeletonJson.obj
E:\cocoTest\EXE\cocos2d\cocos\editor-support\spine\proj.win32\Debug.win32\Skin.obj
E:\cocoTest\EXE\cocos2d\cocos\editor-support\spine\proj.win32\Debug.win32\SkinnedMeshAttachment.obj
E:\cocoTest\EXE\cocos2d\cocos\editor-support\spine\proj.win32\Debug.win32\Slot.obj
E:\cocoTest\EXE\cocos2d\cocos\editor-support\spine\proj.win32\Debug.win32\SlotData.obj
E:\cocoTest\EXE\cocos2d\cocos\editor-support\spine\proj.win32\Debug.win32\SkeletonAnimation.obj
E:\cocoTest\EXE\cocos2d\cocos\editor-support\spine\proj.win32\Debug.win32\PolygonBatch.obj
E:\cocoTest\EXE\cocos2d\cocos\editor-support\spine\proj.win32\Debug.win32\SkeletonRenderer.obj
E:\cocoTest\EXE\cocos2d\cocos\editor-support\spine\proj.win32\Debug.win32\spine-cocos2dx.obj
E:\cocoTest\EXE\cocos2d\cocos\editor-support\spine\proj.win32\Debug.win32\CL.9336.read.1.tlog
E:\cocoTest\EXE\cocos2d\cocos\editor-support\spine\proj.win32\Debug.win32\CL.9336.write.1.tlog
E:\cocoTest\EXE\cocos2d\cocos\editor-support\spine\proj.win32\Debug.win32\CL.952.read.1.tlog
E:\cocoTest\EXE\cocos2d\cocos\editor-support\spine\proj.win32\Debug.win32\CL.952.write.1.tlog
E:\cocoTest\EXE\cocos2d\cocos\editor-support\spine\proj.win32\Debug.win32\CL.8336.read.1.tlog
E:\cocoTest\EXE\cocos2d\cocos\editor-support\spine\proj.win32\Debug.win32\CL.8336.write.1.tlog
E:\cocoTest\EXE\cocos2d\cocos\editor-support\spine\proj.win32\Debug.win32\CL.6232.read.1.tlog
E:\cocoTest\EXE\cocos2d\cocos\editor-support\spine\proj.win32\Debug.win32\CL.6232.write.1.tlog
E:\cocoTest\EXE\cocos2d\cocos\editor-support\spine\proj.win32\Debug.win32\CL.read.1.tlog
E:\cocoTest\EXE\cocos2d\cocos\editor-support\spine\proj.win32\Debug.win32\CL.write.1.tlog
E:\cocoTest\EXE\cocos2d\cocos\editor-support\spine\proj.win32\Debug.win32\cl.command.1.tlog
E:\cocoTest\EXE\cocos2d\cocos\editor-support\spine\proj.win32\Debug.win32\Lib-link.read.1.tlog
E:\cocoTest\EXE\cocos2d\cocos\editor-support\spine\proj.win32\Debug.win32\Lib-link.write.1.tlog
E:\cocoTest\EXE\cocos2d\cocos\editor-support\spine\proj.win32\Debug.win32\lib.command.1.tlog
E:\cocoTest\EXE\cocos2d\cocos\editor-support\spine\proj.win32\Debug.win32\vc110.idb
E:\cocoTest\EXE\cocos2d\cocos\editor-support\spine\proj.win32\Debug.win32\vc110.pdb
